  AboutMenuState.cpp
C:\Users\Its_a\Development\Repos\Ld46\Source\GameStates\AboutMenuState.cpp(28,42): warning C4244: '=': conversion from 'int' to 'float', possible loss of data
C:\Users\Its_a\Development\Repos\Ld46\Source\GameStates\AboutMenuState.cpp(37,42): warning C4244: '=': conversion from 'int' to 'float', possible loss of data
  GameOverMenuState.cpp
C:\Users\Its_a\Development\Repos\Ld46\Source\GameStates\GameOverMenuState.cpp(30,42): warning C4244: '=': conversion from 'int' to 'float', possible loss of data
C:\Users\Its_a\Development\Repos\Ld46\Source\GameStates\GameOverMenuState.cpp(39,42): warning C4244: '=': conversion from 'int' to 'float', possible loss of data
  GameplayState.cpp
  LevelPassMenuState.cpp
C:\Users\Its_a\Development\Repos\Ld46\Source\GameStates\LevelPassMenuState.cpp(24,42): warning C4244: '=': conversion from 'int' to 'float', possible loss of data
C:\Users\Its_a\Development\Repos\Ld46\Source\GameStates\LevelPassMenuState.cpp(33,42): warning C4244: '=': conversion from 'int' to 'float', possible loss of data
  MainMenuState.cpp
C:\Users\Its_a\Development\Repos\Ld46\Source\GameStates\MainMenuState.cpp(27,42): warning C4244: '=': conversion from 'int' to 'float', possible loss of data
C:\Users\Its_a\Development\Repos\Ld46\Source\GameStates\MainMenuState.cpp(38,42): warning C4244: '=': conversion from 'int' to 'float', possible loss of data
  ShopState.cpp
  WinMenuState.cpp
C:\Users\Its_a\Development\Repos\Ld46\Source\GameStates\WinMenuState.cpp(31,42): warning C4244: '=': conversion from 'int' to 'float', possible loss of data
C:\Users\Its_a\Development\Repos\Ld46\Source\GameStates\WinMenuState.cpp(40,42): warning C4244: '=': conversion from 'int' to 'float', possible loss of data
  HealthBar.cpp
  Info.cpp
  AttackSystem.cpp
  CameraSystem.cpp
  Component.cpp
  Entity.cpp
  EntityManager.cpp
  HealthSystem.cpp
  HostileSystem.cpp
  MovementSystem.cpp
C:\Users\Its_a\Development\Repos\Ld46\Source\World\Ecs\MovementSystem.cpp(281,1): warning C4244: '-=': conversion from 'float' to 'int', possible loss of data
C:\Users\Its_a\Development\Repos\Ld46\Source\World\Ecs\MovementSystem.cpp(281,1): warning C4244: '-=': conversion from 'const float' to 'int', possible loss of data
  RenderSystem.cpp
  AnimationTile.cpp
  TextureTile.cpp
  Generating Code...
  Compiling...
  Tile.cpp
  World.cpp
C:\Users\Its_a\Development\Repos\Ld46\Source\World\World.cpp(86,61): warning C4244: '=': conversion from 'float' to 'int', possible loss of data
C:\Users\Its_a\Development\Repos\Ld46\Source\World\World.cpp(87,61): warning C4244: '=': conversion from 'float' to 'int', possible loss of data
C:\Users\Its_a\Development\Repos\Ld46\Source\World\World.cpp(447,71): warning C4838: conversion from 'int' to 'float' requires a narrowing conversion
C:\Users\Its_a\Development\Repos\Ld46\Source\World\World.cpp(447,71): warning C4244: 'initializing': conversion from 'int' to 'float', possible loss of data
C:\Users\Its_a\Development\Repos\Ld46\Source\World\World.cpp(447,118): warning C4838: conversion from 'int' to 'float' requires a narrowing conversion
C:\Users\Its_a\Development\Repos\Ld46\Source\World\World.cpp(447,118): warning C4244: 'initializing': conversion from 'int' to 'float', possible loss of data
  Generating Code...
  LINK : C:\Users\Its_a\Development\Repos\Ld46\Output\Win32\Debug\Ld46.exe not found or not built by the last incremental link; performing full link
  Ld46.vcxproj -> C:\Users\Its_a\Development\Repos\Ld46\Output\Win32\Debug\Ld46.exe
