c:\users\its_a\development\repos\ld46\output\intermediates\win32\debug\vc142.pdb
c:\users\its_a\development\repos\ld46\output\intermediates\win32\debug\vc142.idb
c:\users\its_a\development\repos\ld46\output\intermediates\win32\debug\hudmanager.obj
c:\users\its_a\development\repos\ld46\output\intermediates\win32\debug\healthbar.obj
c:\users\its_a\development\repos\ld46\output\intermediates\win32\debug\texturetextbutton.obj
c:\users\its_a\development\repos\ld46\output\intermediates\win32\debug\texturebutton.obj
c:\users\its_a\development\repos\ld46\output\intermediates\win32\debug\textbutton.obj
c:\users\its_a\development\repos\ld46\output\intermediates\win32\debug\guicanvas.obj
c:\users\its_a\development\repos\ld46\output\intermediates\win32\debug\gui.obj
c:\users\its_a\development\repos\ld46\output\intermediates\win32\debug\fontcache.obj
c:\users\its_a\development\repos\ld46\output\intermediates\win32\debug\animation.obj
c:\users\its_a\development\repos\ld46\output\intermediates\win32\debug\winmenustate.obj
c:\users\its_a\development\repos\ld46\output\intermediates\win32\debug\shopstate.obj
c:\users\its_a\development\repos\ld46\output\intermediates\win32\debug\pausemenustate.obj
c:\users\its_a\development\repos\ld46\output\intermediates\win32\debug\mainmenustate.obj
c:\users\its_a\development\repos\ld46\output\intermediates\win32\debug\levelpassmenustate.obj
c:\users\its_a\development\repos\ld46\output\intermediates\win32\debug\gamestatemanager.obj
c:\users\its_a\development\repos\ld46\output\intermediates\win32\debug\gameplaystate.obj
c:\users\its_a\development\repos\ld46\output\intermediates\win32\debug\gameovermenustate.obj
c:\users\its_a\development\repos\ld46\output\intermediates\win32\debug\aboutmenustate.obj
c:\users\its_a\development\repos\ld46\output\intermediates\win32\debug\game.obj
c:\users\its_a\development\repos\ld46\output\intermediates\win32\debug\audiocache.obj
c:\users\its_a\development\repos\ld46\output\intermediates\win32\debug\world.obj
c:\users\its_a\development\repos\ld46\output\intermediates\win32\debug\tile.obj
c:\users\its_a\development\repos\ld46\output\intermediates\win32\debug\animationtile.obj
c:\users\its_a\development\repos\ld46\output\intermediates\win32\debug\texturetile.obj
c:\users\its_a\development\repos\ld46\output\intermediates\win32\debug\rendersystem.obj
c:\users\its_a\development\repos\ld46\output\intermediates\win32\debug\movementsystem.obj
c:\users\its_a\development\repos\ld46\output\intermediates\win32\debug\hostilesystem.obj
c:\users\its_a\development\repos\ld46\output\intermediates\win32\debug\healthsystem.obj
c:\users\its_a\development\repos\ld46\output\intermediates\win32\debug\entitymanager.obj
c:\users\its_a\development\repos\ld46\output\intermediates\win32\debug\entity.obj
c:\users\its_a\development\repos\ld46\output\intermediates\win32\debug\component.obj
c:\users\its_a\development\repos\ld46\output\intermediates\win32\debug\camerasystem.obj
c:\users\its_a\development\repos\ld46\output\intermediates\win32\debug\attacksystem.obj
c:\users\its_a\development\repos\ld46\output\intermediates\win32\debug\random.obj
c:\users\its_a\development\repos\ld46\output\intermediates\win32\debug\main.obj
c:\users\its_a\development\repos\ld46\output\intermediates\win32\debug\texturecache.obj
c:\users\its_a\development\repos\ld46\output\intermediates\win32\debug\text.obj
c:\users\its_a\development\repos\ld46\output\intermediates\win32\debug\messageoutput.obj
c:\users\its_a\development\repos\ld46\output\intermediates\win32\debug\info.obj
c:\users\its_a\development\repos\ld46\output\win32\debug\ld46.exe
c:\users\its_a\development\repos\ld46\output\win32\debug\ld46.ilk
c:\users\its_a\development\repos\ld46\output\win32\debug\ld46.pdb
c:\users\its_a\development\repos\ld46\output\intermediates\win32\debug\resource.res
c:\users\its_a\development\repos\ld46\output\intermediates\win32\debug\ld46.tlog\cl.command.1.tlog
c:\users\its_a\development\repos\ld46\output\intermediates\win32\debug\ld46.tlog\cl.read.1.tlog
c:\users\its_a\development\repos\ld46\output\intermediates\win32\debug\ld46.tlog\cl.write.1.tlog
c:\users\its_a\development\repos\ld46\output\intermediates\win32\debug\ld46.tlog\link.command.1.tlog
c:\users\its_a\development\repos\ld46\output\intermediates\win32\debug\ld46.tlog\link.read.1.tlog
c:\users\its_a\development\repos\ld46\output\intermediates\win32\debug\ld46.tlog\link.write.1.tlog
c:\users\its_a\development\repos\ld46\output\intermediates\win32\debug\ld46.tlog\rc.command.1.tlog
c:\users\its_a\development\repos\ld46\output\intermediates\win32\debug\ld46.tlog\rc.read.1.tlog
c:\users\its_a\development\repos\ld46\output\intermediates\win32\debug\ld46.tlog\rc.write.1.tlog
